this is TSS:[(1, 9), (3, 9), (4, 10)]
this is TSS:(3, 9)
this is TSS:[(1, 9)]
this is TSS:(1, 9)
this is TSS:[(9, 4), (9, 6), (9, 8)]
this is TSS:(9, 6)
this is TSS:[(3, 5)]
this is TSS:(3, 5)
this is TSS:[(7, 7)]
this is TSS:(7, 7)
this is TSS:[(5, 4), (9, 8)]
this is TSS:(5, 4)
this is TSS:[(11, 7)]
this is TSS:(11, 7)
this is TSS:[(10, 9)]
this is TSS:(10, 9)
this is TSS:[(2, 7)]
this is TSS:(2, 7)
this is TSS:[(1, 5), (1, 6)]
this is TSS:(1, 6)
this is TSS:[]
this is TSS:None
this is foolish network(5, 3)
this is TSS:[]
this is TSS:None
this is foolish network(12, 6)
this is TSS:[(1, 5), (5, 9)]
this is TSS:(5, 9)
this is TSS:[(1, 5)]
this is TSS:(1, 5)
this is TSS:[(8, 8), (12, 4)]
this is TSS:(12, 4)
this is TSS:[(10, 5)]
this is TSS:(10, 5)
this is TSS:[]
this is TSS:None
this is foolish network(13, 4)
this is TSS:[(10, 3), (11, 3)]
this is TSS:(10, 3)
this is TSS:[(11, 2)]
this is TSS:(11, 2)
this is TSS:[(15, 5)]
this is TSS:(15, 5)
this is TSS:[(8, 8)]
this is TSS:(8, 8)
this is TSS:[(4, 12)]
this is TSS:(4, 12)
this is TSS:[]
this is TSS:None
this is foolish network(3, 11)
this is TSS:[(7, 3)]
this is TSS:(7, 3)
this is TSS:[(8, 3)]
this is TSS:(8, 3)
this is TSS:[(9, 11)]
this is TSS:(9, 11)
this is TSS:[(6, 3)]
this is TSS:(6, 3)
this is TSS:[(7, 2)]
this is TSS:(7, 2)
this is TSS:[(4, 4)]
this is TSS:(4, 4)
this is TSS:[(2, 12)]
this is TSS:(2, 12)
this is TSS:[(3, 12)]
this is TSS:(3, 12)
this is TSS:[(1, 12)]
this is TSS:(1, 12)
this is TSS:[(5, 12)]
this is TSS:(5, 12)
