None
0
[(0, 7), (0, 8), (0, 9), (1, 7), (1, 9), (2, 7), (2, 8), (3, 7), (3, 8), (4, 9), (5, 8), (4, 5), (4, 6), (5, 5), (6, 6), (7, 8), (6, 9), (7, 9), (7, 5), (8, 6), (7, 4), (8, 4), (9, 4), (9, 5), (9, 6), (3, 6), (3, 10), (4, 10), (1, 10), (1, 11), (2, 11), (3, 11), (9, 7), (5, 4), (6, 4), (8, 9), (9, 9), (10, 7), (10, 8), (10, 9), (5, 10), (6, 10)]
1
[(0, 7), (0, 8), (0, 9), (1, 7), (1, 9), (2, 7), (2, 8), (3, 7), (3, 8), (4, 9), (5, 8), (4, 5), (4, 6), (5, 5), (6, 6), (7, 8), (6, 9), (7, 9), (7, 5), (8, 6), (7, 4), (8, 4), (9, 4), (9, 5), (9, 6), (3, 6), (3, 10), (4, 10), (1, 10), (1, 11), (2, 11), (3, 11), (5, 4), (6, 4), (8, 9), (9, 9), (10, 7), (10, 8), (10, 9), (5, 10), (6, 10)]
2
[(0, 7), (0, 8), (0, 9), (1, 7), (1, 9), (2, 7), (2, 8), (3, 7), (3, 8), (4, 9), (5, 8), (4, 5), (4, 6), (5, 5), (6, 6), (7, 8), (6, 9), (7, 9), (7, 5), (8, 6), (7, 4), (8, 4), (9, 4), (9, 5), (9, 6), (3, 6), (3, 10), (4, 10), (1, 10), (1, 11), (2, 11), (3, 11), (5, 4), (6, 4), (9, 9), (10, 7), (10, 8), (10, 9), (5, 10), (6, 10)]
3
[(0, 7), (0, 8), (0, 9), (1, 7), (1, 9), (2, 8), (3, 7), (3, 8), (4, 9), (5, 8), (4, 5), (4, 6), (5, 5), (6, 6), (7, 8), (6, 9), (7, 9), (7, 5), (8, 6), (7, 4), (8, 4), (9, 4), (9, 5), (9, 6), (3, 6), (3, 10), (4, 10), (1, 10), (1, 11), (2, 11), (3, 11), (5, 4), (6, 4), (9, 9), (10, 7), (10, 8), (10, 9), (5, 10), (6, 10)]
4
[(0, 7), (0, 9), (1, 7), (1, 9), (2, 8), (3, 7), (3, 8), (4, 9), (5, 8), (4, 5), (4, 6), (5, 5), (6, 6), (7, 8), (6, 9), (7, 9), (7, 5), (8, 6), (7, 4), (8, 4), (9, 4), (9, 5), (9, 6), (3, 6), (3, 10), (4, 10), (1, 10), (1, 11), (2, 11), (3, 11), (5, 4), (6, 4), (9, 9), (10, 7), (10, 8), (10, 9), (5, 10), (6, 10)]
5
[(0, 7), (1, 7), (1, 9), (2, 8), (3, 7), (3, 8), (4, 9), (5, 8), (4, 5), (4, 6), (5, 5), (6, 6), (7, 8), (6, 9), (7, 9), (7, 5), (8, 6), (7, 4), (8, 4), (9, 4), (9, 5), (9, 6), (3, 6), (3, 10), (4, 10), (1, 10), (1, 11), (2, 11), (3, 11), (5, 4), (6, 4), (9, 9), (10, 7), (10, 8), (10, 9), (5, 10), (6, 10)]
6
[(0, 7), (1, 7), (1, 9), (2, 8), (3, 7), (3, 8), (4, 9), (5, 8), (4, 5), (4, 6), (5, 5), (6, 6), (6, 9), (7, 9), (7, 5), (8, 6), (7, 4), (8, 4), (9, 4), (9, 5), (9, 6), (3, 6), (3, 10), (4, 10), (1, 10), (1, 11), (2, 11), (3, 11), (5, 4), (6, 4), (9, 9), (10, 7), (10, 8), (10, 9), (5, 10), (6, 10)]
7
[(0, 7), (1, 7), (1, 9), (2, 8), (3, 7), (3, 8), (4, 9), (5, 8), (4, 5), (4, 6), (5, 5), (6, 6), (6, 9), (7, 9), (7, 5), (8, 6), (7, 4), (8, 4), (9, 4), (9, 5), (9, 6), (3, 6), (3, 10), (4, 10), (1, 10), (1, 11), (2, 11), (3, 11), (5, 4), (6, 4), (9, 9), (10, 8), (10, 9), (5, 10), (6, 10)]
8
[(0, 7), (1, 7), (1, 9), (2, 8), (3, 7), (3, 8), (4, 9), (5, 8), (4, 5), (4, 6), (5, 5), (6, 9), (7, 9), (7, 5), (8, 6), (7, 4), (8, 4), (9, 4), (9, 5), (9, 6), (3, 6), (3, 10), (4, 10), (1, 10), (1, 11), (2, 11), (3, 11), (5, 4), (6, 4), (9, 9), (10, 8), (10, 9), (5, 10), (6, 10)]
9
[(0, 7), (1, 7), (1, 9), (2, 8), (3, 7), (3, 8), (4, 9), (5, 8), (4, 5), (4, 6), (5, 5), (6, 9), (7, 9), (7, 5), (8, 6), (7, 4), (8, 4), (9, 4), (9, 6), (3, 6), (3, 10), (4, 10), (1, 10), (1, 11), (2, 11), (3, 11), (5, 4), (6, 4), (9, 9), (10, 8), (10, 9), (5, 10), (6, 10)]
10
[(0, 7), (1, 7), (1, 9), (2, 8), (3, 7), (3, 8), (4, 9), (5, 8), (4, 5), (4, 6), (5, 5), (6, 9), (7, 9), (8, 6), (7, 4), (8, 4), (9, 4), (9, 6), (3, 6), (3, 10), (4, 10), (1, 10), (1, 11), (2, 11), (3, 11), (5, 4), (6, 4), (9, 9), (10, 8), (10, 9), (5, 10), (6, 10)]
11
[(0, 7), (1, 7), (1, 9), (2, 8), (3, 7), (3, 8), (4, 9), (5, 8), (4, 5), (4, 6), (6, 9), (7, 9), (8, 6), (7, 4), (8, 4), (9, 4), (9, 6), (3, 6), (3, 10), (4, 10), (1, 10), (1, 11), (2, 11), (3, 11), (5, 4), (6, 4), (9, 9), (10, 8), (10, 9), (5, 10), (6, 10)]
12
[(0, 7), (1, 7), (1, 9), (2, 8), (3, 7), (3, 8), (4, 9), (5, 8), (4, 5), (4, 6), (6, 9), (7, 9), (8, 6), (7, 4), (8, 4), (9, 4), (9, 6), (3, 6), (3, 10), (1, 10), (1, 11), (2, 11), (3, 11), (5, 4), (6, 4), (9, 9), (10, 8), (10, 9), (5, 10), (6, 10)]
13
[(0, 7), (1, 7), (1, 9), (2, 8), (3, 7), (3, 8), (4, 9), (5, 8), (4, 5), (4, 6), (6, 9), (7, 9), (8, 6), (7, 4), (8, 4), (9, 4), (9, 6), (3, 6), (3, 10), (1, 10), (1, 11), (2, 11), (3, 11), (6, 4), (9, 9), (10, 8), (10, 9), (5, 10), (6, 10)]
14
[(0, 7), (1, 7), (1, 9), (2, 8), (3, 8), (4, 9), (5, 8), (4, 5), (4, 6), (6, 9), (7, 9), (8, 6), (7, 4), (8, 4), (9, 4), (9, 6), (3, 6), (3, 10), (1, 10), (1, 11), (2, 11), (3, 11), (6, 4), (9, 9), (10, 8), (10, 9), (5, 10), (6, 10)]
15
[(0, 7), (1, 7), (1, 9), (2, 8), (4, 9), (5, 8), (4, 5), (4, 6), (6, 9), (7, 9), (8, 6), (7, 4), (8, 4), (9, 4), (9, 6), (3, 6), (3, 10), (1, 10), (1, 11), (2, 11), (3, 11), (6, 4), (9, 9), (10, 8), (10, 9), (5, 10), (6, 10)]
16
[(0, 7), (1, 7), (1, 9), (2, 8), (4, 9), (5, 8), (4, 5), (4, 6), (6, 9), (7, 9), (8, 6), (7, 4), (8, 4), (9, 4), (9, 6), (3, 6), (3, 10), (1, 10), (1, 11), (2, 11), (3, 11), (6, 4), (10, 8), (10, 9), (5, 10), (6, 10)]
17
[(0, 7), (1, 7), (1, 9), (2, 8), (4, 9), (5, 8), (4, 5), (4, 6), (6, 9), (7, 9), (8, 6), (7, 4), (8, 4), (9, 4), (9, 6), (3, 6), (3, 10), (1, 10), (1, 11), (3, 11), (6, 4), (10, 8), (10, 9), (5, 10), (6, 10)]
18
[(0, 7), (1, 7), (1, 9), (2, 8), (4, 9), (5, 8), (4, 5), (4, 6), (6, 9), (7, 9), (8, 6), (7, 4), (8, 4), (9, 4), (9, 6), (3, 6), (3, 10), (1, 10), (1, 11), (3, 11), (6, 4), (10, 9), (5, 10), (6, 10)]
19
[(0, 7), (1, 7), (1, 9), (2, 8), (4, 9), (5, 8), (4, 5), (4, 6), (6, 9), (7, 9), (8, 6), (7, 4), (8, 4), (9, 4), (3, 6), (3, 10), (1, 10), (1, 11), (3, 11), (6, 4), (10, 9), (5, 10), (6, 10)]
20
[(0, 7), (1, 7), (1, 9), (2, 8), (4, 9), (5, 8), (4, 5), (4, 6), (7, 9), (8, 6), (7, 4), (8, 4), (9, 4), (3, 6), (3, 10), (1, 10), (1, 11), (3, 11), (6, 4), (10, 9), (5, 10), (6, 10)]
21
[(0, 7), (1, 7), (2, 8), (4, 9), (5, 8), (4, 5), (4, 6), (7, 9), (8, 6), (7, 4), (8, 4), (9, 4), (3, 6), (3, 10), (1, 10), (1, 11), (3, 11), (6, 4), (10, 9), (5, 10), (6, 10)]
22
[(0, 7), (1, 7), (2, 8), (4, 9), (5, 8), (4, 5), (4, 6), (7, 9), (8, 6), (7, 4), (8, 4), (9, 4), (3, 6), (3, 10), (1, 10), (1, 11), (3, 11), (6, 4), (10, 9), (5, 10)]
23
[(0, 7), (1, 7), (2, 8), (4, 9), (4, 5), (4, 6), (7, 9), (8, 6), (7, 4), (8, 4), (9, 4), (3, 6), (3, 10), (1, 10), (1, 11), (3, 11), (6, 4), (10, 9), (5, 10)]
24
[(0, 7), (1, 7), (4, 9), (4, 5), (4, 6), (7, 9), (8, 6), (7, 4), (8, 4), (9, 4), (3, 6), (3, 10), (1, 10), (1, 11), (3, 11), (6, 4), (10, 9), (5, 10)]
25
[(0, 7), (4, 9), (4, 5), (4, 6), (7, 9), (8, 6), (7, 4), (8, 4), (9, 4), (3, 6), (3, 10), (1, 10), (1, 11), (3, 11), (6, 4), (10, 9), (5, 10)]
26
[(0, 7), (4, 9), (4, 5), (4, 6), (7, 9), (8, 6), (7, 4), (9, 4), (3, 6), (3, 10), (1, 10), (1, 11), (3, 11), (6, 4), (10, 9), (5, 10)]
27
[(0, 7), (4, 9), (4, 5), (4, 6), (7, 9), (8, 6), (7, 4), (9, 4), (3, 6), (3, 10), (1, 10), (3, 11), (6, 4), (10, 9), (5, 10)]
28
[(0, 7), (4, 9), (4, 5), (4, 6), (7, 9), (7, 4), (9, 4), (3, 6), (3, 10), (1, 10), (3, 11), (6, 4), (10, 9), (5, 10)]
29
[(0, 7), (4, 5), (4, 6), (7, 9), (7, 4), (9, 4), (3, 6), (3, 10), (1, 10), (3, 11), (6, 4), (10, 9), (5, 10)]
{(8, 8): <MCTS.Node object at 0x000002454EE3C790>, (9, 7): <MCTS.Node object at 0x000002454EE3C850>, (8, 9): <MCTS.Node object at 0x000002454EE3C5B0>, (2, 7): <MCTS.Node object at 0x000002454EE3C4C0>, (0, 8): <MCTS.Node object at 0x000002454EE3C730>, (0, 9): <MCTS.Node object at 0x000002454EE3C880>, (7, 8): <MCTS.Node object at 0x000002454EE3C7C0>, (10, 7): <MCTS.Node object at 0x000002454EE3C610>, (6, 6): <MCTS.Node object at 0x000002454EE3C820>, (9, 5): <MCTS.Node object at 0x000002454EE3C8B0>, (7, 5): <MCTS.Node object at 0x000002454EE3C8E0>, (5, 5): <MCTS.Node object at 0x000002454EE3C940>, (4, 10): <MCTS.Node object at 0x000002454EE3C910>, (5, 4): <MCTS.Node object at 0x000002454EE3C280>, (3, 7): <MCTS.Node object at 0x000002454EE3C9D0>, (3, 8): <MCTS.Node object at 0x000002454EE3C970>, (9, 9): <MCTS.Node object at 0x000002454EE3C9A0>, (2, 11): <MCTS.Node object at 0x000002454EE3CA60>, (10, 8): <MCTS.Node object at 0x000002454EE3CA90>, (9, 6): <MCTS.Node object at 0x000002454EE3CA00>, (6, 9): <MCTS.Node object at 0x000002454EE3CAF0>, (1, 9): <MCTS.Node object at 0x000002454EE3CAC0>, (6, 10): <MCTS.Node object at 0x000002454EE3CB20>, (5, 8): <MCTS.Node object at 0x000002454EE3CA30>, (2, 8): <MCTS.Node object at 0x000002454EE3CBB0>, (1, 7): <MCTS.Node object at 0x000002454EE3CB80>, (8, 4): <MCTS.Node object at 0x000002454EE3CBE0>, (1, 11): <MCTS.Node object at 0x000002454EE3CC10>, (8, 6): <MCTS.Node object at 0x000002454EE3CB50>, (4, 9): <MCTS.Node object at 0x000002454EE3CC70>}
(4, 11)
(3, 8)
(0, 10)
